Jul-03 22:04:18.493 [main] DEBUG nextflow.cli.Launcher - $> nextflow run main.nf --input_dir /home/am503/Documents/calypso/test --blast_db /home/am503/Documents/calypso/gtdb220_16S_db_v4 --taxonomy /scratch/am503/gtdbr220//gtdbr220_16S_calypso_tax.tsv --blast_threads 8 --outdir /home/am503/Documents/calypso/test/results -c /home/am503/Documents/calypso/conf/calypso.config -profile conda
Jul-03 22:04:18.576 [main] DEBUG nextflow.cli.CmdRun - N E X T F L O W  ~  version 25.04.6
Jul-03 22:04:18.594 [main] DEBUG nextflow.plugin.PluginsFacade - Setting up plugin manager > mode=prod; embedded=false; plugins-dir=/home/am503/.nextflow/plugins; core-plugins: nf-amazon@2.15.0,nf-azure@1.16.0,nf-cloudcache@0.4.3,nf-codecommit@0.2.3,nf-console@1.2.1,nf-google@1.21.1,nf-k8s@1.0.0,nf-tower@1.11.4,nf-wave@1.12.1
Jul-03 22:04:18.616 [main] INFO  o.pf4j.DefaultPluginStatusProvider - Enabled plugins: []
Jul-03 22:04:18.617 [main] INFO  o.pf4j.DefaultPluginStatusProvider - Disabled plugins: []
Jul-03 22:04:18.619 [main] INFO  org.pf4j.DefaultPluginManager - PF4J version 3.12.0 in 'deployment' mode
Jul-03 22:04:18.640 [main] INFO  org.pf4j.AbstractPluginManager - No plugins
Jul-03 22:04:18.654 [main] DEBUG nextflow.config.ConfigBuilder - Found config local: /home/am503/Documents/calypso/nextflow.config
Jul-03 22:04:18.656 [main] DEBUG nextflow.config.ConfigBuilder - User config file: /home/am503/Documents/calypso/conf/calypso.config
Jul-03 22:04:18.657 [main] DEBUG nextflow.config.ConfigBuilder - Parsing config file: /home/am503/Documents/calypso/nextflow.config
Jul-03 22:04:18.657 [main] DEBUG nextflow.config.ConfigBuilder - Parsing config file: /home/am503/Documents/calypso/conf/calypso.config
Jul-03 22:04:18.677 [main] DEBUG n.secret.LocalSecretsProvider - Secrets store: /home/am503/.nextflow/secrets/store.json
Jul-03 22:04:18.680 [main] DEBUG nextflow.secret.SecretsLoader - Discovered secrets providers: [nextflow.secret.LocalSecretsProvider@79a1728c] - activable => nextflow.secret.LocalSecretsProvider@79a1728c
Jul-03 22:04:18.689 [main] DEBUG nextflow.config.ConfigBuilder - Applying config profile: `conda`
Jul-03 22:04:19.319 [main] DEBUG nextflow.config.ConfigBuilder - Applying config profile: `conda`
Jul-03 22:04:19.346 [main] DEBUG nextflow.config.ConfigBuilder - Available config profiles: [debug, test, conda, singularity, docker]
Jul-03 22:04:19.369 [main] DEBUG nextflow.cli.CmdRun - Applied DSL=2 from script declaration
Jul-03 22:04:19.379 [main] DEBUG nextflow.cli.CmdRun - Launching `main.nf` [voluminous_curie] DSL2 - revision: 5e09328c06
Jul-03 22:04:19.380 [main] DEBUG nextflow.plugin.PluginsFacade - Plugins default=[]
Jul-03 22:04:19.380 [main] DEBUG nextflow.plugin.PluginsFacade - Plugins resolved requirement=[]
Jul-03 22:04:19.411 [main] DEBUG nextflow.Session - Session UUID: cbab0974-cfb5-4070-bc93-3c44ed459fcf
Jul-03 22:04:19.411 [main] DEBUG nextflow.Session - Run name: voluminous_curie
Jul-03 22:04:19.412 [main] DEBUG nextflow.Session - Executor pool size: 16
Jul-03 22:04:19.416 [main] DEBUG nextflow.file.FilePorter - File porter settings maxRetries=3; maxTransfers=50; pollTimeout=null
Jul-03 22:04:19.420 [main] DEBUG nextflow.util.ThreadPoolBuilder - Creating thread pool 'FileTransfer' minSize=10; maxSize=48; workQueue=LinkedBlockingQueue[-1]; allowCoreThreadTimeout=false
Jul-03 22:04:19.435 [main] DEBUG nextflow.cli.CmdRun - 
  Version: 25.04.6 build 5954
  Created: 01-07-2025 11:27 UTC (06:27 CDT)
  System: Linux 5.14.0-427.13.1.el9_4.x86_64
  Runtime: Groovy 4.0.26 on OpenJDK 64-Bit Server VM 23.0.2-internal-adhoc.conda.src
  Encoding: UTF-8 (UTF-8)
  Process: 1521441@bb2u11c1 [192.168.148.1]
  CPUs: 16 - Mem: 251.1 GB (93.1 GB) - Swap: 0 (0)
Jul-03 22:04:19.472 [main] DEBUG nextflow.Session - Work-dir: /home/am503/Documents/calypso/work [nfs]
Jul-03 22:04:19.501 [main] DEBUG nextflow.executor.ExecutorFactory - Extension executors providers=[]
Jul-03 22:04:19.507 [main] DEBUG nextflow.Session - Observer factory: DefaultObserverFactory
Jul-03 22:04:19.533 [main] DEBUG nextflow.Session - Observer factory (v2): LinObserverFactory
Jul-03 22:04:19.554 [main] DEBUG nextflow.cache.CacheFactory - Using Nextflow cache factory: nextflow.cache.DefaultCacheFactory
Jul-03 22:04:19.560 [main] DEBUG nextflow.util.CustomThreadPool - Creating default thread pool > poolSize: 17; maxThreads: 1000
Jul-03 22:04:19.605 [main] DEBUG nextflow.Session - Session start
Jul-03 22:04:19.608 [main] DEBUG nextflow.trace.TraceFileObserver - Workflow started -- trace file: /home/am503/Documents/calypso/test/results/pipeline_info/execution_trace_2025-07-03_22-04-19.txt
Jul-03 22:04:19.782 [main] DEBUG nextflow.script.ScriptRunner - > Launching execution
Jul-03 22:04:20.298 [main] DEBUG nextflow.script.ProcessConfig - Config settings `withLabel:process_medium` matches labels `process_medium` for process with name ATLAS:BLAST
Jul-03 22:04:20.300 [main] DEBUG nextflow.script.ProcessConfig - Config settings `withName:BLAST` matches process ATLAS:BLAST
Jul-03 22:04:20.303 [main] DEBUG nextflow.script.ScriptRunner - Parsed script files:
  Script_9f46470dcbcf0645: /home/am503/Documents/calypso/modules/local/make_edge_list.nf
  Script_9bbc5965f70379d1: /home/am503/Documents/calypso/modules/local/score_blast.nf
  Script_a25858564d01a5ae: /home/am503/Documents/calypso/modules/local/generate_output.nf
  Script_b49e5cee271046dc: /home/am503/Documents/calypso/main.nf
  Script_9485c0116a139278: /home/am503/Documents/calypso/modules/local/read_partition_assignment.nf
  Script_5e89b06ae4e78bef: /home/am503/Documents/calypso/modules/local/assign_taxon.nf
  Script_ac1aa23f5c1a7ae1: /home/am503/Documents/calypso/modules/local/blast.nf
  Script_60d0de3aa1896dd9: /home/am503/Documents/calypso/modules/local/make_partitions.nf
Jul-03 22:04:20.303 [main] DEBUG nextflow.Session - Session aborted -- Cause: Process `ATLAS:BLAST` declares 2 input channels but 4 were specified
Jul-03 22:04:20.312 [main] DEBUG nextflow.Session - The following nodes are still active:
  [operator] ifEmpty
  [operator] count
  [operator] view
  [operator] view

Jul-03 22:04:20.318 [main] ERROR nextflow.cli.Launcher - Process `ATLAS:BLAST` declares 2 input channels but 4 were specified
nextflow.exception.ScriptRuntimeException: Process `ATLAS:BLAST` declares 2 input channels but 4 were specified
	at nextflow.script.ProcessDef.run(ProcessDef.groovy:175)
	at nextflow.script.BindableDef.invoke_a(BindableDef.groovy:51)
	at nextflow.script.ComponentDef.invoke_o(ComponentDef.groovy:40)
	at nextflow.script.WorkflowBinding.invokeMethod(WorkflowBinding.groovy:105)
	at org.codehaus.groovy.runtime.InvokerHelper.invokePogoMethod(InvokerHelper.java:651)
	at org.codehaus.groovy.runtime.InvokerHelper.invokeMethod(InvokerHelper.java:628)
	at org.codehaus.groovy.runtime.metaclass.ClosureMetaClass.invokeOnDelegationObjects(ClosureMetaClass.java:392)
	at org.codehaus.groovy.runtime.metaclass.ClosureMetaClass.invokeMethod(ClosureMetaClass.java:331)
	at groovy.lang.MetaClassImpl.invokeMethod(MetaClassImpl.java:1007)
	at org.codehaus.groovy.vmplugin.v8.IndyInterface.fromCache(IndyInterface.java:321)
	at Script_b49e5cee271046dc$_runScript_closure1$_closure3.doCall(Script_b49e5cee271046dc:51)
	at java.base/jdk.internal.reflect.DirectMethodHandleAccessor.invoke(DirectMethodHandleAccessor.java:103)
	at java.base/java.lang.reflect.Method.invoke(Method.java:580)
	at org.codehaus.groovy.reflection.CachedMethod.invoke(CachedMethod.java:343)
	at groovy.lang.MetaMethod.doMethodInvoke(MetaMethod.java:328)
	at org.codehaus.groovy.runtime.metaclass.ClosureMetaClass.invokeMethod(ClosureMetaClass.java:280)
	at groovy.lang.MetaClassImpl.invokeMethod(MetaClassImpl.java:1007)
	at groovy.lang.Closure.call(Closure.java:433)
	at groovy.lang.Closure.call(Closure.java:412)
	at nextflow.script.WorkflowDef.run0(WorkflowDef.groovy:205)
	at nextflow.script.WorkflowDef.run(WorkflowDef.groovy:189)
	at nextflow.script.BindableDef.invoke_a(BindableDef.groovy:51)
	at nextflow.script.ComponentDef.invoke_o(ComponentDef.groovy:40)
	at nextflow.script.WorkflowBinding.invokeMethod(WorkflowBinding.groovy:105)
	at org.codehaus.groovy.runtime.InvokerHelper.invokePogoMethod(InvokerHelper.java:651)
	at org.codehaus.groovy.runtime.InvokerHelper.invokeMethod(InvokerHelper.java:628)
	at org.codehaus.groovy.runtime.metaclass.ClosureMetaClass.invokeOnDelegationObjects(ClosureMetaClass.java:392)
	at org.codehaus.groovy.runtime.metaclass.ClosureMetaClass.invokeMethod(ClosureMetaClass.java:331)
	at groovy.lang.MetaClassImpl.invokeMethod(MetaClassImpl.java:1007)
	at org.codehaus.groovy.vmplugin.v8.IndyInterface.fromCache(IndyInterface.java:321)
	at Script_b49e5cee271046dc$_runScript_closure2$_closure4.doCall(Script_b49e5cee271046dc:177)
	at java.base/jdk.internal.reflect.DirectMethodHandleAccessor.invoke(DirectMethodHandleAccessor.java:103)
	at java.base/java.lang.reflect.Method.invoke(Method.java:580)
	at org.codehaus.groovy.reflection.CachedMethod.invoke(CachedMethod.java:343)
	at groovy.lang.MetaMethod.doMethodInvoke(MetaMethod.java:328)
	at org.codehaus.groovy.runtime.metaclass.ClosureMetaClass.invokeMethod(ClosureMetaClass.java:280)
	at groovy.lang.MetaClassImpl.invokeMethod(MetaClassImpl.java:1007)
	at groovy.lang.Closure.call(Closure.java:433)
	at groovy.lang.Closure.call(Closure.java:412)
	at nextflow.script.WorkflowDef.run0(WorkflowDef.groovy:205)
	at nextflow.script.WorkflowDef.run(WorkflowDef.groovy:189)
	at nextflow.script.BindableDef.invoke_a(BindableDef.groovy:51)
	at org.codehaus.groovy.vmplugin.v8.IndyInterface.fromCache(IndyInterface.java:321)
	at nextflow.script.BaseScript.run0(BaseScript.groovy:182)
	at org.codehaus.groovy.vmplugin.v8.IndyInterface.fromCache(IndyInterface.java:321)
	at nextflow.script.BaseScript.run(BaseScript.groovy:193)
	at nextflow.script.parser.v1.ScriptLoaderV1.runScript(ScriptLoaderV1.groovy:246)
	at nextflow.script.parser.v1.ScriptLoaderV1.runScript(ScriptLoaderV1.groovy)
	at nextflow.script.ScriptRunner.run(ScriptRunner.groovy:246)
	at nextflow.script.ScriptRunner.execute(ScriptRunner.groovy:139)
	at nextflow.cli.CmdRun.run(CmdRun.groovy:379)
	at nextflow.cli.Launcher.run(Launcher.groovy:513)
	at nextflow.cli.Launcher.main(Launcher.groovy:673)
Jul-03 22:04:20.323 [Actor Thread 6] ERROR nextflow.extension.OperatorImpl - @unknown
nextflow.exception.WorkflowScriptErrorException: No FASTA files found in /home/am503/Documents/calypso/test. Please check the directory path and ensure it contains files with extensions: .fasta, .fa, .fas, or .fna
	at org.codehaus.groovy.vmplugin.v8.IndyInterface.fromCache(IndyInterface.java:321)
	at nextflow.Nextflow.error(Nextflow.groovy:241)
	at org.codehaus.groovy.vmplugin.v8.IndyInterface.fromCache(IndyInterface.java:321)
	at Script_b49e5cee271046dc$_runScript_closure2$_closure4$_closure5.doCall(Script_b49e5cee271046dc:160)
	at Script_b49e5cee271046dc$_runScript_closure2$_closure4$_closure5.doCall(Script_b49e5cee271046dc)
	at java.base/jdk.internal.reflect.DirectMethodHandleAccessor.invoke(DirectMethodHandleAccessor.java:103)
	at java.base/java.lang.reflect.Method.invoke(Method.java:580)
	at org.codehaus.groovy.reflection.CachedMethod.invoke(CachedMethod.java:343)
	at groovy.lang.MetaMethod.doMethodInvoke(MetaMethod.java:328)
	at org.codehaus.groovy.runtime.metaclass.ClosureMetaClass.invokeMethod(ClosureMetaClass.java:280)
	at groovy.lang.MetaClassImpl.invokeMethod(MetaClassImpl.java:1007)
	at org.codehaus.groovy.vmplugin.v8.IndyInterface.fromCache(IndyInterface.java:321)
	at nextflow.extension.OperatorImpl$_ifEmpty_closure30.doCall(OperatorImpl.groovy:1043)
	at java.base/jdk.internal.reflect.DirectMethodHandleAccessor.invoke(DirectMethodHandleAccessor.java:103)
	at java.base/java.lang.reflect.Method.invoke(Method.java:580)
	at org.codehaus.groovy.reflection.CachedMethod.invoke(CachedMethod.java:343)
	at groovy.lang.MetaMethod.doMethodInvoke(MetaMethod.java:328)
	at org.codehaus.groovy.runtime.metaclass.ClosureMetaClass.invokeMethod(ClosureMetaClass.java:280)
	at groovy.lang.MetaClassImpl.invokeMethod(MetaClassImpl.java:1007)
	at org.codehaus.groovy.vmplugin.v8.IndyInterface.fromCache(IndyInterface.java:321)
	at nextflow.extension.DataflowHelper$3.afterStop(DataflowHelper.groovy:257)
	at groovyx.gpars.dataflow.operator.DataflowProcessor.fireAfterStop(DataflowProcessor.java:324)
	at groovyx.gpars.dataflow.operator.DataflowProcessorActor.afterStop(DataflowProcessorActor.java:59)
	at java.base/jdk.internal.reflect.DirectMethodHandleAccessor.invoke(DirectMethodHandleAccessor.java:103)
	at java.base/java.lang.reflect.Method.invoke(Method.java:580)
	at org.codehaus.groovy.reflection.CachedMethod.invoke(CachedMethod.java:343)
	at groovy.lang.MetaMethod.doMethodInvoke(MetaMethod.java:328)
	at groovy.lang.MetaClassImpl.doInvokeMethod(MetaClassImpl.java:1333)
	at groovy.lang.MetaClassImpl.invokeMethod(MetaClassImpl.java:1088)
	at groovy.lang.MetaClassImpl.invokeMethod(MetaClassImpl.java:1007)
	at org.codehaus.groovy.runtime.InvokerHelper.invokePojoMethod(InvokerHelper.java:633)
	at org.codehaus.groovy.runtime.InvokerHelper.invokeMethod(InvokerHelper.java:624)
	at groovyx.gpars.actor.Actor.callDynamic(Actor.java:369)
	at groovyx.gpars.actor.Actor.handleTermination(Actor.java:320)
	at groovyx.gpars.actor.AbstractLoopingActor$1.handleMessage(AbstractLoopingActor.java:86)
	at groovyx.gpars.util.AsyncMessagingCore.run(AsyncMessagingCore.java:132)
	at java.base/java.util.concurrent.ThreadPoolExecutor.runWorker(ThreadPoolExecutor.java:1144)
	at java.base/java.util.concurrent.ThreadPoolExecutor$Worker.run(ThreadPoolExecutor.java:642)
	at java.base/java.lang.Thread.run(Thread.java:1575)
